Using pre-set license
Built from '2022.3/china_unity/release' branch; Version is '2022.3.2f1c1 (891eba2b6e38) revision 8986298'; Using compiler version '192829333'; Build Type 'Release'
OS: 'Windows 10  (10.0.19045) 64bit CoreCountrySpecific' Language: 'zh' Physical Memory: 16236 MB
BatchMode: 1, IsHumanControllingUs: 0, StartBugReporterOnCrash: 0, Is64bit: 1, IsPro: 1

COMMAND LINE ARGUMENTS:
D:\123456\2022.3.2f1c1\Editor\Unity.exe
-adb2
-batchMode
-noUpm
-name
AssetImportWorker1
-projectPath
D:/34567git/Seerp
-logFile
Logs/AssetImportWorker1.log
-srvPort
59862
Successfully changed project path to: D:/34567git/Seerp
D:/34567git/Seerp
[UnityMemory] Configuration Parameters - Can be set up in boot.config
    "memorysetup-bucket-allocator-granularity=16"
    "memorysetup-bucket-allocator-bucket-count=8"
    "memorysetup-bucket-allocator-block-size=33554432"
    "memorysetup-bucket-allocator-block-count=8"
    "memorysetup-main-allocator-block-size=16777216"
    "memorysetup-thread-allocator-block-size=16777216"
    "memorysetup-gfx-main-allocator-block-size=16777216"
    "memorysetup-gfx-thread-allocator-block-size=16777216"
    "memorysetup-cache-allocator-block-size=4194304"
    "memorysetup-typetree-allocator-block-size=2097152"
    "memorysetup-profiler-bucket-allocator-granularity=16"
    "memorysetup-profiler-bucket-allocator-bucket-count=8"
    "memorysetup-profiler-bucket-allocator-block-size=33554432"
    "memorysetup-profiler-bucket-allocator-block-count=8"
    "memorysetup-profiler-allocator-block-size=16777216"
    "memorysetup-profiler-editor-allocator-block-size=1048576"
    "memorysetup-temp-allocator-size-main=16777216"
    "memorysetup-job-temp-allocator-block-size=2097152"
    "memorysetup-job-temp-allocator-block-size-background=1048576"
    "memorysetup-job-temp-allocator-reduction-small-platforms=262144"
    "memorysetup-allocator-temp-initial-block-size-main=262144"
    "memorysetup-allocator-temp-initial-block-size-worker=262144"
    "memorysetup-temp-allocator-size-background-worker=32768"
    "memorysetup-temp-allocator-size-job-worker=262144"
    "memorysetup-temp-allocator-size-preload-manager=33554432"
    "memorysetup-temp-allocator-size-nav-mesh-worker=65536"
    "memorysetup-temp-allocator-size-audio-worker=65536"
    "memorysetup-temp-allocator-size-cloud-worker=32768"
    "memorysetup-temp-allocator-size-gi-baking-worker=262144"
    "memorysetup-temp-allocator-size-gfx=262144"
Player connection [10684] Host "[IP] 192.168.1.109 [Port] 0 [Flags] 2 [Guid] 31830657 [EditorId] 31830657 [Version] 1048832 [Id] WindowsEditor(7,LAPTOP-233ONCFP) [Debug] 1 [PackageName] WindowsEditor [ProjectName] Editor" joined multi-casting on [225.0.0.222:54997]...

Player connection [10684] Host "[IP] 192.168.1.109 [Port] 0 [Flags] 2 [Guid] 31830657 [EditorId] 31830657 [Version] 1048832 [Id] WindowsEditor(7,LAPTOP-233ONCFP) [Debug] 1 [PackageName] WindowsEditor [ProjectName] Editor" joined alternative multi-casting on [225.0.0.222:34997]...

Refreshing native plugins compatible for Editor in 30.10 ms, found 4 plugins.
Preloading 0 native plugins for Editor in 0.00 ms.
Initialize engine version: 2022.3.2f1c1 (891eba2b6e38)
[Subsystems] Discovering subsystems at path D:/123456/2022.3.2f1c1/Editor/Data/Resources/UnitySubsystems
[Subsystems] Discovering subsystems at path D:/34567git/Seerp/Assets
GfxDevice: creating device client; threaded=0; jobified=0
Direct3D:
    Version:  Direct3D 11.0 [level 11.1]
    Renderer: NVIDIA GeForce RTX 3050 Laptop GPU (ID=0x25e2)
    Vendor:   NVIDIA
    VRAM:     3991 MB
    Driver:   30.0.15.1236
Initialize mono
Mono path[0] = 'D:/123456/2022.3.2f1c1/Editor/Data/Managed'
Mono path[1] = 'D:/123456/2022.3.2f1c1/Editor/Data/MonoBleedingEdge/lib/mono/unityjit-win32'
Mono config path = 'D:/123456/2022.3.2f1c1/Editor/Data/MonoBleedingEdge/etc'
Using monoOptions --debugger-agent=transport=dt_socket,embedding=1,server=y,suspend=n,address=127.0.0.1:56500
Begin MonoManager ReloadAssembly
Registering precompiled unity dll's ...
Register platform support module: D:/123456/2022.3.2f1c1/Editor/Data/PlaybackEngines/AndroidPlayer/UnityEditor.Android.Extensions.dll
Register platform support module: D:/123456/2022.3.2f1c1/Editor/Data/PlaybackEngines/WindowsStandaloneSupport/UnityEditor.WindowsStandalone.Extensions.dll
Registered in 0.013087 seconds.
- Loaded All Assemblies, in  0.426 seconds
Native extension for WindowsStandalone target not found
Native extension for Android target not found
Android Extension - Scanning For ADB Devices 500 ms
Mono: successfully reloaded assembly
- Finished resetting the current domain, in  0.826 seconds
Domain Reload Profiling: 1246ms
	BeginReloadAssembly (130ms)
		ExecutionOrderSort (0ms)
		DisableScriptedObjects (0ms)
		BackupInstance (0ms)
		ReleaseScriptingObjects (0ms)
		CreateAndSetChildDomain (1ms)
	RebuildCommonClasses (42ms)
	RebuildNativeTypeToScriptingClass (10ms)
	initialDomainReloadingComplete (80ms)
	LoadAllAssembliesAndSetupDomain (158ms)
		LoadAssemblies (123ms)
		RebuildTransferFunctionScriptingTraits (0ms)
		AnalyzeDomain (144ms)
			TypeCache.Refresh (143ms)
				TypeCache.ScanAssembly (132ms)
			ScanForSourceGeneratedMonoScriptInfo (0ms)
			ResolveRequiredComponents (0ms)
	FinalizeReload (826ms)
		ReleaseScriptCaches (0ms)
		RebuildScriptCaches (0ms)
		SetupLoadedEditorAssemblies (772ms)
			LogAssemblyErrors (0ms)
			InitializePlatformSupportModulesInManaged (613ms)
			SetLoadedEditorAssemblies (3ms)
			RefreshPlugins (0ms)
			BeforeProcessingInitializeOnLoad (2ms)
			ProcessInitializeOnLoadAttributes (101ms)
			ProcessInitializeOnLoadMethodAttributes (53ms)
			AfterProcessingInitializeOnLoad (0ms)
			EditorAssembliesLoaded (0ms)
		ExecutionOrderSort2 (0ms)
		AwakeInstancesAfterBackupRestoration (0ms)
========================================================================
Worker process is ready to serve import requests
Begin MonoManager ReloadAssembly
Symbol file LoadedFromMemory doesn't match image D:\34567git\Seerp\Library\PackageCache\com.unity.visualscripting@1.8.0\Editor\VisualScripting.Core\Dependencies\YamlDotNet\Unity.VisualScripting.YamlDotNet.dll
Symbol file LoadedFromMemory doesn't match image D:\34567git\Seerp\Library\PackageCache\com.unity.visualscripting@1.8.0\Editor\VisualScripting.Core\Dependencies\DotNetZip\Unity.VisualScripting.IonicZip.dll
- Loaded All Assemblies, in  0.834 seconds
Refreshing native plugins compatible for Editor in 12.24 ms, found 4 plugins.
Native extension for WindowsStandalone target not found
Native extension for Android target not found
Mono: successfully reloaded assembly
- Finished resetting the current domain, in  0.736 seconds
Domain Reload Profiling: 1559ms
	BeginReloadAssembly (152ms)
		ExecutionOrderSort (0ms)
		DisableScriptedObjects (5ms)
		BackupInstance (0ms)
		ReleaseScriptingObjects (0ms)
		CreateAndSetChildDomain (25ms)
	RebuildCommonClasses (42ms)
	RebuildNativeTypeToScriptingClass (10ms)
	initialDomainReloadingComplete (62ms)
	LoadAllAssembliesAndSetupDomain (556ms)
		LoadAssemblies (326ms)
		RebuildTransferFunctionScriptingTraits (0ms)
		AnalyzeDomain (290ms)
			TypeCache.Refresh (267ms)
				TypeCache.ScanAssembly (254ms)
			ScanForSourceGeneratedMonoScriptInfo (19ms)
			ResolveRequiredComponents (4ms)
	FinalizeReload (737ms)
		ReleaseScriptCaches (0ms)
		RebuildScriptCaches (0ms)
		SetupLoadedEditorAssemblies (566ms)
			LogAssemblyErrors (0ms)
			InitializePlatformSupportModulesInManaged (30ms)
			SetLoadedEditorAssemblies (3ms)
			RefreshPlugins (0ms)
			BeforeProcessingInitializeOnLoad (83ms)
			ProcessInitializeOnLoadAttributes (399ms)
			ProcessInitializeOnLoadMethodAttributes (38ms)
			AfterProcessingInitializeOnLoad (13ms)
			EditorAssembliesLoaded (0ms)
		ExecutionOrderSort2 (0ms)
		AwakeInstancesAfterBackupRestoration (11ms)
Launched and connected shader compiler UnityShaderCompiler.exe after 0.06 seconds
Refreshing native plugins compatible for Editor in 11.62 ms, found 4 plugins.
Preloading 0 native plugins for Editor in 0.00 ms.
Unloading 4000 Unused Serialized files (Serialized files now loaded: 0)
Unloading 69 unused Assets / (244.7 KB). Loaded Objects now: 4462.
Memory consumption went from 144.1 MB to 143.8 MB.
Total: 3.966600 ms (FindLiveObjects: 0.270700 ms CreateObjectMapping: 0.121000 ms MarkObjects: 3.283900 ms  DeleteObjects: 0.289900 ms)

AssetImportParameters requested are different than current active one (requested -> active):
  custom:container-demuxer-ogg: 62fdf1f143b41e24485cea50d1cbac27 -> 
  custom:video-codec-MediaFoundation-h265: 746d11721c4dcdbdad8f713fa42b33f4 -> 
  custom:video-decoder-ogg-theora: a1e56fd34408186e4bbccfd4996cb3dc -> 
  custom:framework-win-MediaFoundation: 216162199b28c13a410421893ffa2e32 -> 
  custom:container-demuxer-webm: 4f35f7cbe854078d1ac9338744f61a02 -> 
  custom:container-muxer-webm: aa71ff27fc2769a1b78a27578f13a17b -> 
  custom:video-decoder-webm-vp8: 9c59270c3fd7afecdb556c50c9e8de78 -> 
  custom:AudioImporter_EditorPlatform: d09bf68614088b80899f8185d706f6e7 -> 
  custom:video-encoder-webm-vp8: eb34c28f22e8b96e1ab97ce403110664 -> 
  custom:audio-decoder-ogg-vorbis: bf7c407c2cedff20999df2af8eb42d56 -> 
  custom:audio-encoder-webm-vorbis: bf7c407c2cedff20999df2af8eb42d56 -> 
========================================================================
Received Import Request.
  Time since last request: 493112.454412 seconds.
  path: Assets/res/Scene/ChooseScene/meteor.gif
  artifactKey: Guid(2cd7f588ec4cbd74ca77f3251d68a0ca) Importer(815301076,1909f56bfc062723c751e8b465ee728b)
Start importing Assets/res/Scene/ChooseScene/meteor.gif using Guid(2cd7f588ec4cbd74ca77f3251d68a0ca) Importer(815301076,1909f56bfc062723c751e8b465ee728b)  -> (artifact id: '75a156f600727e421dfcb5c460dc8101') in 0.086673 seconds
Number of updated asset objects reloaded before import = 0
Number of asset objects unloaded after import = 3
========================================================================
Received Import Request.
  Time since last request: 0.000027 seconds.
  path: Assets/res/Scene/LoadScene/tip2.png
  artifactKey: Guid(2185b6cf011a04d428f7f477f7edb4ab) Importer(815301076,1909f56bfc062723c751e8b465ee728b)
Start importing Assets/res/Scene/LoadScene/tip2.png using Guid(2185b6cf011a04d428f7f477f7edb4ab) Importer(815301076,1909f56bfc062723c751e8b465ee728b)  -> (artifact id: '9636ff5fc146859603d1cff6b4f282b4') in 0.013006 seconds
Number of updated asset objects reloaded before import = 0
Number of asset objects unloaded after import = 3
========================================================================
Received Import Request.
  Time since last request: 0.000021 seconds.
  path: Assets/res/Scene/ChooseScene/infiniteButton.png
  artifactKey: Guid(775f8f2b1bcf1e6458850ba00f6e1fe3) Importer(815301076,1909f56bfc062723c751e8b465ee728b)
Start importing Assets/res/Scene/ChooseScene/infiniteButton.png using Guid(775f8f2b1bcf1e6458850ba00f6e1fe3) Importer(815301076,1909f56bfc062723c751e8b465ee728b)  -> (artifact id: 'eec71da226ba7c0948ba5b4b60176d23') in 0.017985 seconds
Number of updated asset objects reloaded before import = 0
Number of asset objects unloaded after import = 3
========================================================================
Received Import Request.
  Time since last request: 0.000021 seconds.
  path: Assets/res/Scene/StartScene/StartScene.png
  artifactKey: Guid(1c04f5ef481e2fa46bfd9469991bfeaa) Importer(815301076,1909f56bfc062723c751e8b465ee728b)
Start importing Assets/res/Scene/StartScene/StartScene.png using Guid(1c04f5ef481e2fa46bfd9469991bfeaa) Importer(815301076,1909f56bfc062723c751e8b465ee728b)  -> (artifact id: 'ca35d257f28f7aa5feaf5d5262414282') in 0.014540 seconds
Number of updated asset objects reloaded before import = 0
Number of asset objects unloaded after import = 3
========================================================================
Received Import Request.
  Time since last request: 0.000021 seconds.
  path: Assets/res/Scene/ChooseScene/background.png
  artifactKey: Guid(0ec3cdaecd9ba354a9f20ca7209ed25b) Importer(815301076,1909f56bfc062723c751e8b465ee728b)
Start importing Assets/res/Scene/ChooseScene/background.png using Guid(0ec3cdaecd9ba354a9f20ca7209ed25b) Importer(815301076,1909f56bfc062723c751e8b465ee728b)  -> (artifact id: '51bab02e78f142d260e4e270945aebc7') in 0.015526 seconds
Number of updated asset objects reloaded before import = 0
Number of asset objects unloaded after import = 3
========================================================================
Received Import Request.
  Time since last request: 0.000018 seconds.
  path: Assets/res/Scene/StartScene/lightCircle.png
  artifactKey: Guid(12a6e757a626e64498fbd430b4825dee) Importer(815301076,1909f56bfc062723c751e8b465ee728b)
Start importing Assets/res/Scene/StartScene/lightCircle.png using Guid(12a6e757a626e64498fbd430b4825dee) Importer(815301076,1909f56bfc062723c751e8b465ee728b)  -> (artifact id: '4f4dee5af27205e4605df744d13aab3f') in 0.015071 seconds
Number of updated asset objects reloaded before import = 0
Number of asset objects unloaded after import = 3
========================================================================
Received Import Request.
  Time since last request: 0.000021 seconds.
  path: Assets/res/Scene/StartScene/startButton_hover.png
  artifactKey: Guid(4a1787c4280b44347a702ca73cd26d63) Importer(815301076,1909f56bfc062723c751e8b465ee728b)
Start importing Assets/res/Scene/StartScene/startButton_hover.png using Guid(4a1787c4280b44347a702ca73cd26d63) Importer(815301076,1909f56bfc062723c751e8b465ee728b)  -> (artifact id: '531ffb25d43d379745cee46f898d23c0') in 0.016888 seconds
Number of updated asset objects reloaded before import = 0
Number of asset objects unloaded after import = 3
========================================================================
Received Import Request.
  Time since last request: 0.000017 seconds.
  path: Assets/res/Scene/ChooseScene/buttonHover.gif
  artifactKey: Guid(d7b5385fda6fb8b4c95aa8065417a248) Importer(815301076,1909f56bfc062723c751e8b465ee728b)
Start importing Assets/res/Scene/ChooseScene/buttonHover.gif using Guid(d7b5385fda6fb8b4c95aa8065417a248) Importer(815301076,1909f56bfc062723c751e8b465ee728b)  -> (artifact id: 'd5bdf190168b4a199bcf48c5409a3ad2') in 0.015024 seconds
Number of updated asset objects reloaded before import = 0
Number of asset objects unloaded after import = 3
========================================================================
Received Import Request.
  Time since last request: 0.000018 seconds.
  path: Assets/res/Scene/ChooseScene/levelButton.png
  artifactKey: Guid(4fc9c9624eb15fe4883dccaee122345e) Importer(815301076,1909f56bfc062723c751e8b465ee728b)
Start importing Assets/res/Scene/ChooseScene/levelButton.png using Guid(4fc9c9624eb15fe4883dccaee122345e) Importer(815301076,1909f56bfc062723c751e8b465ee728b)  -> (artifact id: 'e6da14939f589310548a12a5ce1d5cd4') in 0.016239 seconds
Number of updated asset objects reloaded before import = 0
Number of asset objects unloaded after import = 3
Editor requested this worker to shutdown with reason: Scaling down because of idle timeout
TcpMessagingSession - receive error: operation aborted. errorcode: 995, details: 由于线程退出或应用程序请求，已中止 I/O 操作。
AssetImportWorker is now disconnected from the server
Process exiting
Exiting without the bug reporter. Application will terminate with return code 0